<?xml version="1.0" encoding="UTF-8"?>
<!-- Generated by org.testng.reporters.JUnitXMLReporter -->
<testsuite ignored="4" hostname="DESKTOP-S1VV6A4" failures="0" tests="2" name="Chrome_Test" time="90.847" errors="0" timestamp="2025-01-28T21:51:45 IST">
  <testcase classname="org.QAfoxProject.Desktops.Desktops_MacTest" name="addProduct_Desktops_Mac" time="68.515"/>
  <testcase classname="org.QAfoxProject.Desktops.Desktops_PCTest" name="addProduct_Desktops_PCTest" time="10.788"/>
  <testcase classname="org.QAfoxProjectGenericUtility.BaseConfigaration" name="@BeforeTest getTestRunnerConnection" time="0.0">
    <ignored/>
  </testcase> <!-- @BeforeTest getTestRunnerConnection -->
  <testcase classname="org.QAfoxProjectGenericUtility.BaseConfigaration" name="@AfterSuite terminateReportConnection" time="0.0">
    <ignored/>
  </testcase> <!-- @AfterSuite terminateReportConnection -->
  <testcase classname="org.QAfoxProjectGenericUtility.BaseConfigaration" name="@AfterTest terminateTestRunnerConnection" time="0.0">
    <ignored/>
  </testcase> <!-- @AfterTest terminateTestRunnerConnection -->
  <testcase classname="org.QAfoxProjectGenericUtility.BaseConfigaration" name="@BeforeSuite getReportConnection" time="0.0">
    <ignored/>
  </testcase> <!-- @BeforeSuite getReportConnection -->
</testsuite> <!-- Chrome_Test -->
