<?xml version="1.0" encoding="UTF-8"?>
<!-- Generated by org.testng.reporters.JUnitXMLReporter -->
<testsuite ignored="0" hostname="DESKTOP-S1VV6A4" failures="0" tests="2" name="Default test" time="0.059" errors="0" timestamp="2025-01-23T14:47:56 IST">
  <testcase classname="org.QAfoxProjectGenericUtility.BaseConfigaration" name="@BeforeSuite getReportConnection" time="0.009">
    <failure type="java.lang.Error" message="Unresolved compilation problem: 
	The method getRandom(int) is undefined for the type JavaLibrary
">
      <![CDATA[java.lang.Error: Unresolved compilation problem: 
The method getRandom(int) is undefined for the type JavaLibrary

at org.QAfoxProjectGenericUtility.BaseConfigaration.getReportConnection(BaseConfigaration.java:216)
at java.base/jdk.internal.reflect.DirectMethodHandleAccessor.invoke(DirectMethodHandleAccessor.java:103)
at java.base/java.lang.reflect.Method.invoke(Method.java:580)
at org.testng.internal.invokers.MethodInvocationHelper.invokeMethod(MethodInvocationHelper.java:139)
at org.testng.internal.invokers.MethodInvocationHelper.invokeMethodConsideringTimeout(MethodInvocationHelper.java:69)
at org.testng.internal.invokers.ConfigInvoker.invokeConfigurationMethod(ConfigInvoker.java:361)
at org.testng.internal.invokers.ConfigInvoker.invokeConfigurations(ConfigInvoker.java:296)
at org.testng.SuiteRunner.privateRun(SuiteRunner.java:376)
at org.testng.SuiteRunner.run(SuiteRunner.java:330)
at org.testng.SuiteRunnerWorker.runSuite(SuiteRunnerWorker.java:52)
at org.testng.SuiteRunnerWorker.run(SuiteRunnerWorker.java:95)
at org.testng.TestNG.runSuitesSequentially(TestNG.java:1256)
at org.testng.TestNG.runSuitesLocally(TestNG.java:1176)
at org.testng.TestNG.runSuites(TestNG.java:1099)
at org.testng.TestNG.run(TestNG.java:1067)
at org.testng.remote.AbstractRemoteTestNG.run(AbstractRemoteTestNG.java:115)
at org.testng.remote.RemoteTestNG.initAndRun(RemoteTestNG.java:293)
at org.testng.remote.RemoteTestNG.main(RemoteTestNG.java:91)
]]>
    </failure>
  </testcase> <!-- @BeforeSuite getReportConnection -->
  <testcase classname="org.QAfoxProjectGenericUtility.BaseConfigaration" name="@BeforeTest getTestRunnerConnection" time="0.0">
    <skipped/>
  </testcase> <!-- @BeforeTest getTestRunnerConnection -->
  <testcase classname="org.QAfoxProjectGenericUtility.BaseConfigaration" name="@BeforeClass browserSetup" time="0.0">
    <skipped/>
  </testcase> <!-- @BeforeClass browserSetup -->
  <testcase classname="org.QAfoxProjectGenericUtility.BaseConfigaration" name="@BeforeMethod login" time="0.0">
    <skipped/>
  </testcase> <!-- @BeforeMethod login -->
  <testcase classname="org.QAfoxProjectGenericUtility.BaseConfigaration" name="@AfterMethod logout" time="0.0">
    <skipped/>
  </testcase> <!-- @AfterMethod logout -->
  <testcase classname="org.QAfoxProjectGenericUtility.BaseConfigaration" name="@BeforeMethod login" time="0.0">
    <skipped/>
  </testcase> <!-- @BeforeMethod login -->
  <testcase classname="org.QAfoxProjectGenericUtility.BaseConfigaration" name="@AfterMethod logout" time="0.0">
    <skipped/>
  </testcase> <!-- @AfterMethod logout -->
  <testcase classname="org.QAfoxProjectGenericUtility.BaseConfigaration" name="@AfterClass browserTerminate" time="0.0">
    <skipped/>
  </testcase> <!-- @AfterClass browserTerminate -->
  <testcase classname="org.QAfoxProjectGenericUtility.BaseConfigaration" name="@AfterTest terminateTestRunnerConnection" time="0.0">
    <skipped/>
  </testcase> <!-- @AfterTest terminateTestRunnerConnection -->
  <testcase classname="org.QAfoxProject.Components.Components_MiceandTrackballs_Test" name="verifyText_Components_MiceandTrackballs" time="0.0">
    <skipped/>
  </testcase> <!-- verifyText_Components_MiceandTrackballs -->
  <testcase classname="org.QAfoxProject.Components.Components_MiceandTrackballs_Test" name="verifyText_Components_MiceandTrackballs" time="0.0">
    <skipped/>
  </testcase> <!-- verifyText_Components_MiceandTrackballs -->
</testsuite> <!-- Default test -->
