<?xml version="1.0" encoding="UTF-8"?>
<testng-results ignored="0" total="1" passed="1" failed="0" skipped="0">
  <reporter-output>
    <line>
      <![CDATA[Get Report Connection Successful]]>
    </line>
    <line>
      <![CDATA[Getting TestRunner Connection Successfully]]>
    </line>
    <line>
      <![CDATA[Browser Launched Successfully]]>
    </line>
    <line>
      <![CDATA[Nav to the apps Successfully]]>
    </line>
    <line>
      <![CDATA[Maximize the browser Successfully]]>
    </line>
    <line>
      <![CDATA[Clicked on my account header link successful]]>
    </line>
    <line>
      <![CDATA[Clicked on login header link successful]]>
    </line>
    <line>
      <![CDATA[Login Successfully]]>
    </line>
    <line>
      <![CDATA[Desktops_Mac product added]]>
    </line>
    <line>
      <![CDATA[iMac]]>
    </line>
    <line>
      <![CDATA[Apple]]>
    </line>
    <line>
      <![CDATA[Product Code:Product 14]]>
    </line>
    <line>
      <![CDATA[Availability:Out Of Stock]]>
    </line>
    <line>
      <![CDATA[$122.00]]>
    </line>
    <line>
      <![CDATA[Ex Tax:$100.00]]>
    </line>
    <line>
      <![CDATA[QTY is entered sucessfully]]>
    </line>
    <line>
      <![CDATA[add cart button click sucessfully ]]>
    </line>
    <line>
      <![CDATA[Description
Reviews (0)
Just when you thought iMac had everything, now there´s even more. More powerful Intel Core 2 Duo processors. And more memory standard. Combine this with Mac OS X Leopard and iLife ´08, and it´s more all-in-one than ever. iMac packs amazing performance into a stunningly slim space.
iMac
Brand: Apple
Product Code:Product 14
Availability:Out Of Stock
$122.00
Ex Tax:$100.00
Qty

Add to Cart
0 reviews / Write a review
Related Products
Apple Cinema 30"
The 30-inch Apple Cinema HD Display delivers an amazing 2560 x 1600 pixel resolution. Designed speci..
$110.00 $122.00
Ex Tax:$90.00
ADD TO CART]]>
    </line>
    <line>
      <![CDATA[Just when you thought iMac had everything, now there´s even more. More powerful Intel Core 2 Duo processors. And more memory standard. Combine this with Mac OS X Leopard and iLife ´08, and it´s more all-in-one than ever. iMac packs amazing performance into a stunningly slim space.]]>
    </line>
    <line>
      <![CDATA[shopping cart button click sucessfull]]>
    </line>
    <line>
      <![CDATA[view cart button click sucessfull]]>
    </line>
    <line>
      <![CDATA[check out button click sucessfull]]>
    </line>
    <line>
      <![CDATA[Products marked with *** are not available in the desired quantity or not in stock!
×]]>
    </line>
    <line>
      <![CDATA[Logout Successfully]]>
    </line>
    <line>
      <![CDATA[Browser Terminate Successfully]]>
    </line>
    <line>
      <![CDATA[Terminate Test Level Connection Successful]]>
    </line>
    <line>
      <![CDATA[Terminate Report Connection Successful]]>
    </line>
  </reporter-output>
  <suite started-at="2025-01-27T12:43:58 IST" name="Default suite" finished-at="2025-01-27T12:45:34 IST" duration-ms="96933">
    <groups>
    </groups>
    <test started-at="2025-01-27T12:43:58 IST" name="Default test" finished-at="2025-01-27T12:45:34 IST" duration-ms="96933">
      <class name="org.QAfoxProject.Desktops.Desktops_MacTest">
        <test-method is-config="true" signature="getReportConnection()[pri:0, instance:org.QAfoxProject.Desktops.Desktops_MacTest@1bb5a082]" started-at="2025-01-27T12:43:57 IST" name="getReportConnection" finished-at="2025-01-27T12:43:58 IST" duration-ms="346" status="PASS">
          <reporter-output>
            <line>
              <![CDATA[Get Report Connection Successful]]>
            </line>
          </reporter-output>
        </test-method> <!-- getReportConnection -->
        <test-method is-config="true" signature="getTestRunnerConnection()[pri:0, instance:org.QAfoxProject.Desktops.Desktops_MacTest@1bb5a082]" started-at="2025-01-27T12:43:58 IST" name="getTestRunnerConnection" finished-at="2025-01-27T12:43:58 IST" duration-ms="1" status="PASS">
          <reporter-output>
            <line>
              <![CDATA[Getting TestRunner Connection Successfully]]>
            </line>
          </reporter-output>
        </test-method> <!-- getTestRunnerConnection -->
        <test-method is-config="true" signature="browserSetup()[pri:0, instance:org.QAfoxProject.Desktops.Desktops_MacTest@1bb5a082]" started-at="2025-01-27T12:43:58 IST" name="browserSetup" finished-at="2025-01-27T12:44:02 IST" duration-ms="4052" status="PASS">
          <reporter-output>
            <line>
              <![CDATA[Browser Launched Successfully]]>
            </line>
            <line>
              <![CDATA[Nav to the apps Successfully]]>
            </line>
            <line>
              <![CDATA[Maximize the browser Successfully]]>
            </line>
            <line>
              <![CDATA[Clicked on my account header link successful]]>
            </line>
            <line>
              <![CDATA[Clicked on login header link successful]]>
            </line>
          </reporter-output>
        </test-method> <!-- browserSetup -->
        <test-method is-config="true" signature="browserLogin()[pri:0, instance:org.QAfoxProject.Desktops.Desktops_MacTest@1bb5a082]" started-at="2025-01-27T12:44:02 IST" name="browserLogin" finished-at="2025-01-27T12:44:03 IST" duration-ms="1373" status="PASS">
          <reporter-output>
            <line>
              <![CDATA[Login Successfully]]>
            </line>
          </reporter-output>
        </test-method> <!-- browserLogin -->
        <test-method signature="addProduct_Desktops_Mac()[pri:0, instance:org.QAfoxProject.Desktops.Desktops_MacTest@1bb5a082]" started-at="2025-01-27T12:44:03 IST" name="addProduct_Desktops_Mac" finished-at="2025-01-27T12:45:33 IST" duration-ms="90243" status="PASS">
          <reporter-output>
            <line>
              <![CDATA[Desktops_Mac product added]]>
            </line>
            <line>
              <![CDATA[iMac]]>
            </line>
            <line>
              <![CDATA[Apple]]>
            </line>
            <line>
              <![CDATA[Product Code:Product 14]]>
            </line>
            <line>
              <![CDATA[Availability:Out Of Stock]]>
            </line>
            <line>
              <![CDATA[$122.00]]>
            </line>
            <line>
              <![CDATA[Ex Tax:$100.00]]>
            </line>
            <line>
              <![CDATA[QTY is entered sucessfully]]>
            </line>
            <line>
              <![CDATA[add cart button click sucessfully ]]>
            </line>
            <line>
              <![CDATA[Description
Reviews (0)
Just when you thought iMac had everything, now there´s even more. More powerful Intel Core 2 Duo processors. And more memory standard. Combine this with Mac OS X Leopard and iLife ´08, and it´s more all-in-one than ever. iMac packs amazing performance into a stunningly slim space.
iMac
Brand: Apple
Product Code:Product 14
Availability:Out Of Stock
$122.00
Ex Tax:$100.00
Qty

Add to Cart
0 reviews / Write a review
Related Products
Apple Cinema 30"
The 30-inch Apple Cinema HD Display delivers an amazing 2560 x 1600 pixel resolution. Designed speci..
$110.00 $122.00
Ex Tax:$90.00
ADD TO CART]]>
            </line>
            <line>
              <![CDATA[Just when you thought iMac had everything, now there´s even more. More powerful Intel Core 2 Duo processors. And more memory standard. Combine this with Mac OS X Leopard and iLife ´08, and it´s more all-in-one than ever. iMac packs amazing performance into a stunningly slim space.]]>
            </line>
            <line>
              <![CDATA[shopping cart button click sucessfull]]>
            </line>
            <line>
              <![CDATA[view cart button click sucessfull]]>
            </line>
            <line>
              <![CDATA[check out button click sucessfull]]>
            </line>
            <line>
              <![CDATA[Products marked with *** are not available in the desired quantity or not in stock!
×]]>
            </line>
          </reporter-output>
        </test-method> <!-- addProduct_Desktops_Mac -->
        <test-method is-config="true" signature="Logout()[pri:0, instance:org.QAfoxProject.Desktops.Desktops_MacTest@1bb5a082]" started-at="2025-01-27T12:45:33 IST" name="Logout" finished-at="2025-01-27T12:45:34 IST" duration-ms="1045" status="PASS">
          <reporter-output>
            <line>
              <![CDATA[Logout Successfully]]>
            </line>
          </reporter-output>
        </test-method> <!-- Logout -->
        <test-method is-config="true" signature="browserTerminate()[pri:0, instance:org.QAfoxProject.Desktops.Desktops_MacTest@1bb5a082]" started-at="2025-01-27T12:45:34 IST" name="browserTerminate" finished-at="2025-01-27T12:45:34 IST" duration-ms="166" status="PASS">
          <reporter-output>
            <line>
              <![CDATA[Browser Terminate Successfully]]>
            </line>
          </reporter-output>
        </test-method> <!-- browserTerminate -->
        <test-method is-config="true" signature="terminateTestRunnerConnection()[pri:0, instance:org.QAfoxProject.Desktops.Desktops_MacTest@1bb5a082]" started-at="2025-01-27T12:45:34 IST" name="terminateTestRunnerConnection" finished-at="2025-01-27T12:45:34 IST" duration-ms="0" status="PASS">
          <reporter-output>
            <line>
              <![CDATA[Terminate Test Level Connection Successful]]>
            </line>
          </reporter-output>
        </test-method> <!-- terminateTestRunnerConnection -->
        <test-method is-config="true" signature="terminateReportConnection()[pri:0, instance:org.QAfoxProject.Desktops.Desktops_MacTest@1bb5a082]" started-at="2025-01-27T12:45:35 IST" name="terminateReportConnection" finished-at="2025-01-27T12:45:35 IST" duration-ms="483" status="PASS">
          <reporter-output>
            <line>
              <![CDATA[Terminate Report Connection Successful]]>
            </line>
          </reporter-output>
        </test-method> <!-- terminateReportConnection -->
      </class> <!-- org.QAfoxProject.Desktops.Desktops_MacTest -->
    </test> <!-- Default test -->
  </suite> <!-- Default suite -->
</testng-results>
