<?xml version="1.0" encoding="UTF-8"?>
<testng-results ignored="4" total="6" passed="2" failed="0" skipped="0">
  <reporter-output>
    <line>
      <![CDATA[Get Report Connection Successful]]>
    </line>
    <line>
      <![CDATA[Getting TestRunner Connection Successfully]]>
    </line>
    <line>
      <![CDATA[Browser Launched Successfully]]>
    </line>
    <line>
      <![CDATA[Nav to the apps Successfully]]>
    </line>
    <line>
      <![CDATA[Maximize the browser Successfully]]>
    </line>
    <line>
      <![CDATA[Clicked on my account header link successful]]>
    </line>
    <line>
      <![CDATA[Clicked on login header link successful]]>
    </line>
    <line>
      <![CDATA[Login Successfully]]>
    </line>
    <line>
      <![CDATA[Desktops_Mac product added]]>
    </line>
    <line>
      <![CDATA[iMac]]>
    </line>
    <line>
      <![CDATA[Apple]]>
    </line>
    <line>
      <![CDATA[Product Code:Product 14]]>
    </line>
    <line>
      <![CDATA[Availability:Out Of Stock]]>
    </line>
    <line>
      <![CDATA[$122.00]]>
    </line>
    <line>
      <![CDATA[Ex Tax:$100.00]]>
    </line>
    <line>
      <![CDATA[QTY is entered sucessfully]]>
    </line>
    <line>
      <![CDATA[add cart button click sucessfully ]]>
    </line>
    <line>
      <![CDATA[Success: You have added iMac to your shopping cart!
×]]>
    </line>
    <line>
      <![CDATA[Just when you thought iMac had everything, now there´s even more. More powerful Intel Core 2 Duo processors. And more memory standard. Combine this with Mac OS X Leopard and iLife ´08, and it´s more all-in-one than ever. iMac packs amazing performance into a stunningly slim space.]]>
    </line>
    <line>
      <![CDATA[shopping cart button click sucessfull]]>
    </line>
    <line>
      <![CDATA[view cart button click sucessfull]]>
    </line>
    <line>
      <![CDATA[check out button click sucessfull]]>
    </line>
    <line>
      <![CDATA[Products marked with *** are not available in the desired quantity or not in stock!
×]]>
    </line>
    <line>
      <![CDATA[Logout Successfully]]>
    </line>
    <line>
      <![CDATA[Browser Terminate Successfully]]>
    </line>
    <line>
      <![CDATA[Browser Launched Successfully]]>
    </line>
    <line>
      <![CDATA[Nav to the apps Successfully]]>
    </line>
    <line>
      <![CDATA[Maximize the browser Successfully]]>
    </line>
    <line>
      <![CDATA[Clicked on my account header link successful]]>
    </line>
    <line>
      <![CDATA[Clicked on login header link successful]]>
    </line>
    <line>
      <![CDATA[Login Successfully]]>
    </line>
    <line>
      <![CDATA[Desktops_PC product added]]>
    </line>
    <line>
      <![CDATA[Logout Successfully]]>
    </line>
    <line>
      <![CDATA[Browser Terminate Successfully]]>
    </line>
    <line>
      <![CDATA[Terminate Test Level Connection Successful]]>
    </line>
    <line>
      <![CDATA[Terminate Report Connection Successful]]>
    </line>
  </reporter-output>
  <suite started-at="2025-01-28T21:50:14 IST" name="FT_Suite" finished-at="2025-01-28T21:51:45 IST" duration-ms="90847">
    <groups>
    </groups>
    <test started-at="2025-01-28T21:50:14 IST" name="Chrome_Test" finished-at="2025-01-28T21:51:45 IST" duration-ms="90847">
      <class name="org.QAfoxProject.Desktops.Desktops_MacTest">
        <test-method is-config="true" signature="getReportConnection()[pri:0, instance:org.QAfoxProject.Desktops.Desktops_MacTest@1649b0e6]" started-at="2025-01-28T21:50:14 IST" name="getReportConnection" finished-at="2025-01-28T21:50:14 IST" duration-ms="234" status="PASS">
          <reporter-output>
            <line>
              <![CDATA[Get Report Connection Successful]]>
            </line>
          </reporter-output>
        </test-method> <!-- getReportConnection -->
        <test-method is-config="true" signature="getTestRunnerConnection()[pri:0, instance:org.QAfoxProject.Desktops.Desktops_MacTest@1649b0e6]" started-at="2025-01-28T21:50:14 IST" name="getTestRunnerConnection" finished-at="2025-01-28T21:50:14 IST" duration-ms="1" status="PASS">
          <reporter-output>
            <line>
              <![CDATA[Getting TestRunner Connection Successfully]]>
            </line>
          </reporter-output>
        </test-method> <!-- getTestRunnerConnection -->
        <test-method is-config="true" signature="browserSetup()[pri:0, instance:org.QAfoxProject.Desktops.Desktops_MacTest@1649b0e6]" started-at="2025-01-28T21:50:15 IST" name="browserSetup" finished-at="2025-01-28T21:50:19 IST" duration-ms="4310" status="PASS">
          <reporter-output>
            <line>
              <![CDATA[Browser Launched Successfully]]>
            </line>
            <line>
              <![CDATA[Nav to the apps Successfully]]>
            </line>
            <line>
              <![CDATA[Maximize the browser Successfully]]>
            </line>
            <line>
              <![CDATA[Clicked on my account header link successful]]>
            </line>
            <line>
              <![CDATA[Clicked on login header link successful]]>
            </line>
          </reporter-output>
        </test-method> <!-- browserSetup -->
        <test-method is-config="true" signature="browserLogin()[pri:0, instance:org.QAfoxProject.Desktops.Desktops_MacTest@1649b0e6]" started-at="2025-01-28T21:50:19 IST" name="browserLogin" finished-at="2025-01-28T21:50:20 IST" duration-ms="1143" status="PASS">
          <reporter-output>
            <line>
              <![CDATA[Login Successfully]]>
            </line>
          </reporter-output>
        </test-method> <!-- browserLogin -->
        <test-method signature="addProduct_Desktops_Mac()[pri:0, instance:org.QAfoxProject.Desktops.Desktops_MacTest@1649b0e6]" started-at="2025-01-28T21:50:20 IST" name="addProduct_Desktops_Mac" finished-at="2025-01-28T21:51:29 IST" duration-ms="68515" status="PASS">
          <reporter-output>
            <line>
              <![CDATA[Desktops_Mac product added]]>
            </line>
            <line>
              <![CDATA[iMac]]>
            </line>
            <line>
              <![CDATA[Apple]]>
            </line>
            <line>
              <![CDATA[Product Code:Product 14]]>
            </line>
            <line>
              <![CDATA[Availability:Out Of Stock]]>
            </line>
            <line>
              <![CDATA[$122.00]]>
            </line>
            <line>
              <![CDATA[Ex Tax:$100.00]]>
            </line>
            <line>
              <![CDATA[QTY is entered sucessfully]]>
            </line>
            <line>
              <![CDATA[add cart button click sucessfully ]]>
            </line>
            <line>
              <![CDATA[Success: You have added iMac to your shopping cart!
×]]>
            </line>
            <line>
              <![CDATA[Just when you thought iMac had everything, now there´s even more. More powerful Intel Core 2 Duo processors. And more memory standard. Combine this with Mac OS X Leopard and iLife ´08, and it´s more all-in-one than ever. iMac packs amazing performance into a stunningly slim space.]]>
            </line>
            <line>
              <![CDATA[shopping cart button click sucessfull]]>
            </line>
            <line>
              <![CDATA[view cart button click sucessfull]]>
            </line>
            <line>
              <![CDATA[check out button click sucessfull]]>
            </line>
            <line>
              <![CDATA[Products marked with *** are not available in the desired quantity or not in stock!
×]]>
            </line>
          </reporter-output>
        </test-method> <!-- addProduct_Desktops_Mac -->
        <test-method is-config="true" signature="Logout()[pri:0, instance:org.QAfoxProject.Desktops.Desktops_MacTest@1649b0e6]" started-at="2025-01-28T21:51:29 IST" name="Logout" finished-at="2025-01-28T21:51:29 IST" duration-ms="463" status="PASS">
          <reporter-output>
            <line>
              <![CDATA[Logout Successfully]]>
            </line>
          </reporter-output>
        </test-method> <!-- Logout -->
        <test-method is-config="true" signature="browserTerminate()[pri:0, instance:org.QAfoxProject.Desktops.Desktops_MacTest@1649b0e6]" started-at="2025-01-28T21:51:29 IST" name="browserTerminate" finished-at="2025-01-28T21:51:29 IST" duration-ms="443" status="PASS">
          <reporter-output>
            <line>
              <![CDATA[Browser Terminate Successfully]]>
            </line>
          </reporter-output>
        </test-method> <!-- browserTerminate -->
        <test-method is-config="true" signature="terminateTestRunnerConnection()[pri:0, instance:org.QAfoxProject.Desktops.Desktops_MacTest@1649b0e6]" started-at="2025-01-28T21:51:45 IST" name="terminateTestRunnerConnection" finished-at="2025-01-28T21:51:45 IST" duration-ms="1" status="PASS">
          <reporter-output>
            <line>
              <![CDATA[Terminate Test Level Connection Successful]]>
            </line>
          </reporter-output>
        </test-method> <!-- terminateTestRunnerConnection -->
        <test-method is-config="true" signature="terminateReportConnection()[pri:0, instance:org.QAfoxProject.Desktops.Desktops_MacTest@1649b0e6]" started-at="2025-01-28T21:51:45 IST" name="terminateReportConnection" finished-at="2025-01-28T21:51:46 IST" duration-ms="652" status="PASS">
          <reporter-output>
            <line>
              <![CDATA[Terminate Report Connection Successful]]>
            </line>
          </reporter-output>
        </test-method> <!-- terminateReportConnection -->
      </class> <!-- org.QAfoxProject.Desktops.Desktops_MacTest -->
      <class name="org.QAfoxProject.Desktops.Desktops_PCTest">
        <test-method is-config="true" signature="browserSetup()[pri:0, instance:org.QAfoxProject.Desktops.Desktops_PCTest@4cc8eb05]" started-at="2025-01-28T21:51:29 IST" name="browserSetup" finished-at="2025-01-28T21:51:33 IST" duration-ms="3221" status="PASS">
          <reporter-output>
            <line>
              <![CDATA[Browser Launched Successfully]]>
            </line>
            <line>
              <![CDATA[Nav to the apps Successfully]]>
            </line>
            <line>
              <![CDATA[Maximize the browser Successfully]]>
            </line>
            <line>
              <![CDATA[Clicked on my account header link successful]]>
            </line>
            <line>
              <![CDATA[Clicked on login header link successful]]>
            </line>
          </reporter-output>
        </test-method> <!-- browserSetup -->
        <test-method is-config="true" signature="browserLogin()[pri:0, instance:org.QAfoxProject.Desktops.Desktops_PCTest@4cc8eb05]" started-at="2025-01-28T21:51:33 IST" name="browserLogin" finished-at="2025-01-28T21:51:34 IST" duration-ms="1133" status="PASS">
          <reporter-output>
            <line>
              <![CDATA[Login Successfully]]>
            </line>
          </reporter-output>
        </test-method> <!-- browserLogin -->
        <test-method signature="addProduct_Desktops_PCTest()[pri:0, instance:org.QAfoxProject.Desktops.Desktops_PCTest@4cc8eb05]" started-at="2025-01-28T21:51:34 IST" name="addProduct_Desktops_PCTest" finished-at="2025-01-28T21:51:45 IST" duration-ms="10788" status="PASS">
          <reporter-output>
            <line>
              <![CDATA[Desktops_PC product added]]>
            </line>
          </reporter-output>
        </test-method> <!-- addProduct_Desktops_PCTest -->
        <test-method is-config="true" signature="Logout()[pri:0, instance:org.QAfoxProject.Desktops.Desktops_PCTest@4cc8eb05]" started-at="2025-01-28T21:51:45 IST" name="Logout" finished-at="2025-01-28T21:51:45 IST" duration-ms="539" status="PASS">
          <reporter-output>
            <line>
              <![CDATA[Logout Successfully]]>
            </line>
          </reporter-output>
        </test-method> <!-- Logout -->
        <test-method is-config="true" signature="browserTerminate()[pri:0, instance:org.QAfoxProject.Desktops.Desktops_PCTest@4cc8eb05]" started-at="2025-01-28T21:51:45 IST" name="browserTerminate" finished-at="2025-01-28T21:51:45 IST" duration-ms="224" status="PASS">
          <reporter-output>
            <line>
              <![CDATA[Browser Terminate Successfully]]>
            </line>
          </reporter-output>
        </test-method> <!-- browserTerminate -->
      </class> <!-- org.QAfoxProject.Desktops.Desktops_PCTest -->
    </test> <!-- Chrome_Test -->
  </suite> <!-- FT_Suite -->
</testng-results>
